Performing C SOURCE FILE Test CMAKE_HAVE_LIBC_PTHREAD failed with the following output:
Change Dir: /home/csmajs/ameno011/final-project-ameno011-abrou004-skak001/CMakeFiles/CMakeTmp

Run Build Command(s):/opt/rh/devtoolset-6/root/usr/bin/gmake cmTC_7bfab/fast && /opt/rh/devtoolset-6/root/usr/bin/gmake  -f CMakeFiles/cmTC_7bfab.dir/build.make CMakeFiles/cmTC_7bfab.dir/build
gmake[1]: Entering directory '/home/csmajs/ameno011/final-project-ameno011-abrou004-skak001/CMakeFiles/CMakeTmp'
Building C object CMakeFiles/cmTC_7bfab.dir/src.c.o
/opt/rh/devtoolset-6/root/usr/bin/cc   -DCMAKE_HAVE_LIBC_PTHREAD   -o CMakeFiles/cmTC_7bfab.dir/src.c.o   -c /home/csmajs/ameno011/final-project-ameno011-abrou004-skak001/CMakeFiles/CMakeTmp/src.c
Linking C executable cmTC_7bfab
/usr/bin/cmake3 -E cmake_link_script CMakeFiles/cmTC_7bfab.dir/link.txt --verbose=1
/opt/rh/devtoolset-6/root/usr/bin/cc  -DCMAKE_HAVE_LIBC_PTHREAD    -rdynamic CMakeFiles/cmTC_7bfab.dir/src.c.o  -o cmTC_7bfab 
CMakeFiles/cmTC_7bfab.dir/src.c.o: In function `main':
src.c:(.text+0x2d): undefined reference to `pthread_create'
src.c:(.text+0x39): undefined reference to `pthread_detach'
src.c:(.text+0x45): undefined reference to `pthread_cancel'
src.c:(.text+0x56): undefined reference to `pthread_join'
src.c:(.text+0x6a): undefined reference to `pthread_atfork'
collect2: error: ld returned 1 exit status
CMakeFiles/cmTC_7bfab.dir/build.make:106: recipe for target 'cmTC_7bfab' failed
gmake[1]: *** [cmTC_7bfab] Error 1
gmake[1]: Leaving directory '/home/csmajs/ameno011/final-project-ameno011-abrou004-skak001/CMakeFiles/CMakeTmp'
Makefile:141: recipe for target 'cmTC_7bfab/fast' failed
gmake: *** [cmTC_7bfab/fast] Error 2


Source file was:
#include <pthread.h>

void* test_func(void* data)
{
  return data;
}

int main(void)
{
  pthread_t thread;
  pthread_create(&thread, NULL, test_func, NULL);
  pthread_detach(thread);
  pthread_cancel(thread);
  pthread_join(thread, NULL);
  pthread_atfork(NULL, NULL, NULL);
  pthread_exit(NULL);

  return 0;
}

Determining if the function pthread_create exists in the pthreads failed with the following output:
Change Dir: /home/csmajs/ameno011/final-project-ameno011-abrou004-skak001/CMakeFiles/CMakeTmp

Run Build Command(s):/opt/rh/devtoolset-6/root/usr/bin/gmake cmTC_f1869/fast && /opt/rh/devtoolset-6/root/usr/bin/gmake  -f CMakeFiles/cmTC_f1869.dir/build.make CMakeFiles/cmTC_f1869.dir/build
gmake[1]: Entering directory '/home/csmajs/ameno011/final-project-ameno011-abrou004-skak001/CMakeFiles/CMakeTmp'
Building C object CMakeFiles/cmTC_f1869.dir/CheckFunctionExists.c.o
/opt/rh/devtoolset-6/root/usr/bin/cc   -DCHECK_FUNCTION_EXISTS=pthread_create   -o CMakeFiles/cmTC_f1869.dir/CheckFunctionExists.c.o   -c /usr/share/cmake3/Modules/CheckFunctionExists.c
Linking C executable cmTC_f1869
/usr/bin/cmake3 -E cmake_link_script CMakeFiles/cmTC_f1869.dir/link.txt --verbose=1
/opt/rh/devtoolset-6/root/usr/bin/cc  -DCHECK_FUNCTION_EXISTS=pthread_create    -rdynamic CMakeFiles/cmTC_f1869.dir/CheckFunctionExists.c.o  -o cmTC_f1869  -lpthreads 
/opt/rh/devtoolset-6/root/usr/libexec/gcc/x86_64-redhat-linux/6.3.1/ld: cannot find -lpthreads
collect2: error: ld returned 1 exit status
CMakeFiles/cmTC_f1869.dir/build.make:106: recipe for target 'cmTC_f1869' failed
gmake[1]: *** [cmTC_f1869] Error 1
gmake[1]: Leaving directory '/home/csmajs/ameno011/final-project-ameno011-abrou004-skak001/CMakeFiles/CMakeTmp'
Makefile:141: recipe for target 'cmTC_f1869/fast' failed
gmake: *** [cmTC_f1869/fast] Error 2



Performing C SOURCE FILE Test CMAKE_HAVE_LIBC_PTHREAD failed with the following output:
Change Dir: /home/csmajs/ameno011/final-project-ameno011-abrou004-skak001/CMakeFiles/CMakeTmp

Run Build Command(s):/opt/rh/devtoolset-6/root/usr/bin/gmake cmTC_cfaca/fast && /opt/rh/devtoolset-6/root/usr/bin/gmake  -f CMakeFiles/cmTC_cfaca.dir/build.make CMakeFiles/cmTC_cfaca.dir/build
gmake[1]: Entering directory '/home/csmajs/ameno011/final-project-ameno011-abrou004-skak001/CMakeFiles/CMakeTmp'
Building C object CMakeFiles/cmTC_cfaca.dir/src.c.o
/opt/rh/devtoolset-6/root/usr/bin/cc   -DCMAKE_HAVE_LIBC_PTHREAD   -o CMakeFiles/cmTC_cfaca.dir/src.c.o   -c /home/csmajs/ameno011/final-project-ameno011-abrou004-skak001/CMakeFiles/CMakeTmp/src.c
Linking C executable cmTC_cfaca
/usr/bin/cmake3 -E cmake_link_script CMakeFiles/cmTC_cfaca.dir/link.txt --verbose=1
/opt/rh/devtoolset-6/root/usr/bin/cc  -DCMAKE_HAVE_LIBC_PTHREAD    -rdynamic CMakeFiles/cmTC_cfaca.dir/src.c.o  -o cmTC_cfaca 
CMakeFiles/cmTC_cfaca.dir/src.c.o: In function `main':
src.c:(.text+0x2d): undefined reference to `pthread_create'
src.c:(.text+0x39): undefined reference to `pthread_detach'
src.c:(.text+0x45): undefined reference to `pthread_cancel'
src.c:(.text+0x56): undefined reference to `pthread_join'
src.c:(.text+0x6a): undefined reference to `pthread_atfork'
collect2: error: ld returned 1 exit status
CMakeFiles/cmTC_cfaca.dir/build.make:106: recipe for target 'cmTC_cfaca' failed
gmake[1]: *** [cmTC_cfaca] Error 1
gmake[1]: Leaving directory '/home/csmajs/ameno011/final-project-ameno011-abrou004-skak001/CMakeFiles/CMakeTmp'
Makefile:141: recipe for target 'cmTC_cfaca/fast' failed
gmake: *** [cmTC_cfaca/fast] Error 2


Source file was:
#include <pthread.h>

void* test_func(void* data)
{
  return data;
}

int main(void)
{
  pthread_t thread;
  pthread_create(&thread, NULL, test_func, NULL);
  pthread_detach(thread);
  pthread_cancel(thread);
  pthread_join(thread, NULL);
  pthread_atfork(NULL, NULL, NULL);
  pthread_exit(NULL);

  return 0;
}

Determining if the function pthread_create exists in the pthreads failed with the following output:
Change Dir: /home/csmajs/ameno011/final-project-ameno011-abrou004-skak001/CMakeFiles/CMakeTmp

Run Build Command(s):/opt/rh/devtoolset-6/root/usr/bin/gmake cmTC_1a888/fast && /opt/rh/devtoolset-6/root/usr/bin/gmake  -f CMakeFiles/cmTC_1a888.dir/build.make CMakeFiles/cmTC_1a888.dir/build
gmake[1]: Entering directory '/home/csmajs/ameno011/final-project-ameno011-abrou004-skak001/CMakeFiles/CMakeTmp'
Building C object CMakeFiles/cmTC_1a888.dir/CheckFunctionExists.c.o
/opt/rh/devtoolset-6/root/usr/bin/cc   -DCHECK_FUNCTION_EXISTS=pthread_create   -o CMakeFiles/cmTC_1a888.dir/CheckFunctionExists.c.o   -c /usr/share/cmake3/Modules/CheckFunctionExists.c
Linking C executable cmTC_1a888
/usr/bin/cmake3 -E cmake_link_script CMakeFiles/cmTC_1a888.dir/link.txt --verbose=1
/opt/rh/devtoolset-6/root/usr/bin/cc  -DCHECK_FUNCTION_EXISTS=pthread_create    -rdynamic CMakeFiles/cmTC_1a888.dir/CheckFunctionExists.c.o  -o cmTC_1a888  -lpthreads 
/opt/rh/devtoolset-6/root/usr/libexec/gcc/x86_64-redhat-linux/6.3.1/ld: cannot find -lpthreads
collect2: error: ld returned 1 exit status
CMakeFiles/cmTC_1a888.dir/build.make:106: recipe for target 'cmTC_1a888' failed
gmake[1]: *** [cmTC_1a888] Error 1
gmake[1]: Leaving directory '/home/csmajs/ameno011/final-project-ameno011-abrou004-skak001/CMakeFiles/CMakeTmp'
Makefile:141: recipe for target 'cmTC_1a888/fast' failed
gmake: *** [cmTC_1a888/fast] Error 2



